==123945== Memcheck, a memory error detector
==123945== Copyright (C) 2002-2017, and GNU GPL'd, by Julian Seward et al.
==123945== Using Valgrind-3.15.0-608cb11914-20190413 and LibVEX; rerun with -h for copyright info
==123945== Command: test
==123945== Parent PID: 121081
==123945== 
--123945-- 
--123945-- Valgrind options:
--123945--    -v
--123945--    --tool=memcheck
--123945--    --leak-check=full
--123945--    --num-callers=40
--123945--    --log-file=valgrind.log
--123945-- Contents of /proc/version:
--123945--   Linux version 5.11.0-38-generic (buildd@lgw01-amd64-041) (gcc (Ubuntu 9.3.0-17ubuntu1~20.04) 9.3.0, GNU ld (GNU Binutils for Ubuntu) 2.34) #42~20.04.1-Ubuntu SMP Tue Sep 28 20:41:07 UTC 2021
--123945-- 
--123945-- Arch and hwcaps: AMD64, LittleEndian, amd64-cx16-rdtscp-sse3-ssse3-avx
--123945-- Page sizes: currently 4096, max supported 4096
--123945-- Valgrind library directory: /usr/lib/x86_64-linux-gnu/valgrind
--123945-- Reading syms from /usr/bin/test
--123945--    object doesn't have a symbol table
--123945-- Reading syms from /usr/lib/x86_64-linux-gnu/ld-2.31.so
--123945--   Considering /usr/lib/x86_64-linux-gnu/ld-2.31.so ..
--123945--   .. CRC mismatch (computed 975d0390 wanted 30bd717f)
--123945--   Considering /lib/x86_64-linux-gnu/ld-2.31.so ..
--123945--   .. CRC mismatch (computed 975d0390 wanted 30bd717f)
--123945--   Considering /usr/lib/debug/lib/x86_64-linux-gnu/ld-2.31.so ..
--123945--   .. CRC is valid
--123945-- Reading syms from /usr/lib/x86_64-linux-gnu/valgrind/memcheck-amd64-linux
--123945--    object doesn't have a symbol table
--123945--    object doesn't have a dynamic symbol table
--123945-- Scheduler: using generic scheduler lock implementation.
--123945-- Reading suppressions file: /usr/lib/x86_64-linux-gnu/valgrind/default.supp
==123945== embedded gdbserver: reading from /tmp/vgdb-pipe-from-vgdb-to-123945-by-reczul-on-???
==123945== embedded gdbserver: writing to   /tmp/vgdb-pipe-to-vgdb-from-123945-by-reczul-on-???
==123945== embedded gdbserver: shared mem   /tmp/vgdb-pipe-shared-mem-vgdb-123945-by-reczul-on-???
==123945== 
==123945== TO CONTROL THIS PROCESS USING vgdb (which you probably
==123945== don't want to do, unless you know exactly what you're doing,
==123945== or are doing some strange experiment):
==123945==   /usr/lib/x86_64-linux-gnu/valgrind/../../bin/vgdb --pid=123945 ...command...
==123945== 
==123945== TO DEBUG THIS PROCESS USING GDB: start GDB like this
==123945==   /path/to/gdb test
==123945== and then give GDB the following command
==123945==   target remote | /usr/lib/x86_64-linux-gnu/valgrind/../../bin/vgdb --pid=123945
==123945== --pid is optional if only one valgrind process is running
==123945== 
--123945-- REDIR: 0x4022e10 (ld-linux-x86-64.so.2:strlen) redirected to 0x580c9ce2 (???)
--123945-- REDIR: 0x4022be0 (ld-linux-x86-64.so.2:index) redirected to 0x580c9cfc (???)
--123945-- Reading syms from /usr/lib/x86_64-linux-gnu/valgrind/vgpreload_core-amd64-linux.so
--123945--    object doesn't have a symbol table
--123945-- Reading syms from /usr/lib/x86_64-linux-gnu/valgrind/vgpreload_memcheck-amd64-linux.so
--123945--    object doesn't have a symbol table
==123945== WARNING: new redirection conflicts with existing -- ignoring it
--123945--     old: 0x04022e10 (strlen              ) R-> (0000.0) 0x580c9ce2 ???
--123945--     new: 0x04022e10 (strlen              ) R-> (2007.0) 0x0483f060 strlen
--123945-- REDIR: 0x401f5f0 (ld-linux-x86-64.so.2:strcmp) redirected to 0x483ffd0 (strcmp)
--123945-- REDIR: 0x4023370 (ld-linux-x86-64.so.2:mempcpy) redirected to 0x4843a20 (mempcpy)
--123945-- Reading syms from /usr/lib/x86_64-linux-gnu/libc-2.31.so
--123945--   Considering /usr/lib/x86_64-linux-gnu/libc-2.31.so ..
--123945--   .. CRC mismatch (computed 86b78530 wanted e380f01c)
--123945--   Considering /lib/x86_64-linux-gnu/libc-2.31.so ..
--123945--   .. CRC mismatch (computed 86b78530 wanted e380f01c)
--123945--   Considering /usr/lib/debug/lib/x86_64-linux-gnu/libc-2.31.so ..
--123945--   .. CRC is valid
--123945-- REDIR: 0x4901600 (libc.so.6:memmove) redirected to 0x48311d0 (_vgnU_ifunc_wrapper)
--123945-- REDIR: 0x4900900 (libc.so.6:strncpy) redirected to 0x48311d0 (_vgnU_ifunc_wrapper)
--123945-- REDIR: 0x4901930 (libc.so.6:strcasecmp) redirected to 0x48311d0 (_vgnU_ifunc_wrapper)
--123945-- REDIR: 0x4900220 (libc.so.6:strcat) redirected to 0x48311d0 (_vgnU_ifunc_wrapper)
--123945-- REDIR: 0x4900960 (libc.so.6:rindex) redirected to 0x48311d0 (_vgnU_ifunc_wrapper)
--123945-- REDIR: 0x4902dd0 (libc.so.6:rawmemchr) redirected to 0x48311d0 (_vgnU_ifunc_wrapper)
--123945-- REDIR: 0x491de60 (libc.so.6:wmemchr) redirected to 0x48311d0 (_vgnU_ifunc_wrapper)
--123945-- REDIR: 0x491d9a0 (libc.so.6:wcscmp) redirected to 0x48311d0 (_vgnU_ifunc_wrapper)
--123945-- REDIR: 0x4901760 (libc.so.6:mempcpy) redirected to 0x48311d0 (_vgnU_ifunc_wrapper)
--123945-- REDIR: 0x4901590 (libc.so.6:bcmp) redirected to 0x48311d0 (_vgnU_ifunc_wrapper)
--123945-- REDIR: 0x4900890 (libc.so.6:strncmp) redirected to 0x48311d0 (_vgnU_ifunc_wrapper)
--123945-- REDIR: 0x49002d0 (libc.so.6:strcmp) redirected to 0x48311d0 (_vgnU_ifunc_wrapper)
--123945-- REDIR: 0x49016c0 (libc.so.6:memset) redirected to 0x48311d0 (_vgnU_ifunc_wrapper)
--123945-- REDIR: 0x491d960 (libc.so.6:wcschr) redirected to 0x48311d0 (_vgnU_ifunc_wrapper)
--123945-- REDIR: 0x49007f0 (libc.so.6:strnlen) redirected to 0x48311d0 (_vgnU_ifunc_wrapper)
--123945-- REDIR: 0x49003b0 (libc.so.6:strcspn) redirected to 0x48311d0 (_vgnU_ifunc_wrapper)
--123945-- REDIR: 0x4901980 (libc.so.6:strncasecmp) redirected to 0x48311d0 (_vgnU_ifunc_wrapper)
--123945-- REDIR: 0x4900350 (libc.so.6:strcpy) redirected to 0x48311d0 (_vgnU_ifunc_wrapper)
--123945-- REDIR: 0x4901ad0 (libc.so.6:memcpy@@GLIBC_2.14) redirected to 0x48311d0 (_vgnU_ifunc_wrapper)
--123945-- REDIR: 0x491f0d0 (libc.so.6:wcsnlen) redirected to 0x48311d0 (_vgnU_ifunc_wrapper)
--123945-- REDIR: 0x491d9e0 (libc.so.6:wcscpy) redirected to 0x48311d0 (_vgnU_ifunc_wrapper)
--123945-- REDIR: 0x49009a0 (libc.so.6:strpbrk) redirected to 0x48311d0 (_vgnU_ifunc_wrapper)
--123945-- REDIR: 0x4900280 (libc.so.6:index) redirected to 0x48311d0 (_vgnU_ifunc_wrapper)
--123945-- REDIR: 0x49007b0 (libc.so.6:strlen) redirected to 0x48311d0 (_vgnU_ifunc_wrapper)
--123945-- REDIR: 0x4909d20 (libc.so.6:memrchr) redirected to 0x48311d0 (_vgnU_ifunc_wrapper)
--123945-- REDIR: 0x49019d0 (libc.so.6:strcasecmp_l) redirected to 0x48311d0 (_vgnU_ifunc_wrapper)
--123945-- REDIR: 0x4901550 (libc.so.6:memchr) redirected to 0x48311d0 (_vgnU_ifunc_wrapper)
--123945-- REDIR: 0x491dab0 (libc.so.6:wcslen) redirected to 0x48311d0 (_vgnU_ifunc_wrapper)
--123945-- REDIR: 0x4900c60 (libc.so.6:strspn) redirected to 0x48311d0 (_vgnU_ifunc_wrapper)
--123945-- REDIR: 0x49018d0 (libc.so.6:stpncpy) redirected to 0x48311d0 (_vgnU_ifunc_wrapper)
--123945-- REDIR: 0x4901870 (libc.so.6:stpcpy) redirected to 0x48311d0 (_vgnU_ifunc_wrapper)
--123945-- REDIR: 0x4902e10 (libc.so.6:strchrnul) redirected to 0x48311d0 (_vgnU_ifunc_wrapper)
--123945-- REDIR: 0x4901a20 (libc.so.6:strncasecmp_l) redirected to 0x48311d0 (_vgnU_ifunc_wrapper)
--123945-- REDIR: 0x4912a30 (libc.so.6:__strrchr_sse2) redirected to 0x483ea70 (__strrchr_sse2)
--123945-- REDIR: 0x490b520 (libc.so.6:__strcmp_sse2_unaligned) redirected to 0x483fed0 (strcmp)
--123945-- REDIR: 0x4912d30 (libc.so.6:__strlen_sse2) redirected to 0x483efa0 (__strlen_sse2)
--123945-- REDIR: 0x49dfc50 (libc.so.6:__strncmp_sse42) redirected to 0x483f7c0 (__strncmp_sse42)
--123945-- REDIR: 0x49125f0 (libc.so.6:__strchr_sse2) redirected to 0x483eb90 (__strchr_sse2)
--123945-- REDIR: 0x490d030 (libc.so.6:__memchr_sse2) redirected to 0x4840050 (memchr)
--123945-- REDIR: 0x4912820 (libc.so.6:__strchrnul_sse2) redirected to 0x4843540 (strchrnul)
--123945-- REDIR: 0x48fb260 (libc.so.6:malloc) redirected to 0x483b780 (malloc)
--123945-- REDIR: 0x491cc20 (libc.so.6:__mempcpy_sse2_unaligned) redirected to 0x4843660 (mempcpy)
--123945-- REDIR: 0x491cc40 (libc.so.6:memcpy@GLIBC_2.2.5) redirected to 0x4840100 (memcpy@GLIBC_2.2.5)
--123945-- REDIR: 0x48fb850 (libc.so.6:free) redirected to 0x483c9d0 (free)
==123945== 
==123945== HEAP SUMMARY:
==123945==     in use at exit: 0 bytes in 0 blocks
==123945==   total heap usage: 30 allocs, 30 frees, 4,065 bytes allocated
==123945== 
==123945== All heap blocks were freed -- no leaks are possible
==123945== 
==123945== ERROR SUMMARY: 0 errors from 0 contexts (suppressed: 0 from 0)
